<?xml version="1.0" encoding="UTF-8"?>
<testng-results ignored="0" total="3" passed="3" failed="0" skipped="0">
  <reporter-output>
  </reporter-output>
  <suite started-at="2021-03-16T09:51:24 EDT" name="BDD Test" finished-at="2021-03-16T09:51:25 EDT" duration-ms="1098">
    <groups>
      <group name="cucumber">
        <method signature="AbstractTestNGCucumberTests.runScenario(io.cucumber.testng.PickleWrapper, io.cucumber.testng.FeatureWrapper)[pri:0, instance:com.ani.login.LoginTestngRunnerTest@44a7bfbc]" name="runScenario" class="io.cucumber.testng.AbstractTestNGCucumberTests"/>
      </group> <!-- cucumber -->
    </groups>
    <test started-at="2021-03-16T09:51:24 EDT" name="LoginRunner" finished-at="2021-03-16T09:51:25 EDT" duration-ms="1098">
      <class name="com.ani.login.LoginTestngRunnerTest">
        <test-method is-config="true" signature="setUpClass()[pri:0, instance:com.ani.login.LoginTestngRunnerTest@44a7bfbc]" started-at="2021-03-16T09:51:24 EDT" name="setUpClass" finished-at="2021-03-16T09:51:25 EDT" duration-ms="610" status="PASS">
          <reporter-output>
          </reporter-output>
        </test-method> <!-- setUpClass -->
        <test-method signature="runScenario(io.cucumber.testng.PickleWrapper, io.cucumber.testng.FeatureWrapper)[pri:0, instance:com.ani.login.LoginTestngRunnerTest@44a7bfbc]" started-at="2021-03-16T09:51:25 EDT" name="runScenario" description="Runs Cucumber Scenarios" data-provider="scenarios" finished-at="2021-03-16T09:51:25 EDT" duration-ms="168" status="PASS">
          <params>
            <param index="0">
              <value>
                <![CDATA["Check if user with valid user credentials is able to land on profile page after successful login"]]>
              </value>
            </param>
            <param index="1">
              <value>
                <![CDATA["Optional[User with valid user credentials should be able to perform successful login and land on profile page]"]]>
              </value>
            </param>
          </params>
          <reporter-output>
          </reporter-output>
        </test-method> <!-- runScenario -->
        <test-method signature="runScenario(io.cucumber.testng.PickleWrapper, io.cucumber.testng.FeatureWrapper)[pri:0, instance:com.ani.login.LoginTestngRunnerTest@44a7bfbc]" started-at="2021-03-16T09:51:25 EDT" name="runScenario" description="Runs Cucumber Scenarios" data-provider="scenarios" finished-at="2021-03-16T09:51:25 EDT" duration-ms="24" status="PASS">
          <params>
            <param index="0">
              <value>
                <![CDATA["Try to login with valid and invalid user credentials"]]>
              </value>
            </param>
            <param index="1">
              <value>
                <![CDATA["Optional[User with valid user credentials should be able to perform successful login and land on profile page]"]]>
              </value>
            </param>
          </params>
          <reporter-output>
          </reporter-output>
        </test-method> <!-- runScenario -->
        <test-method signature="runScenario(io.cucumber.testng.PickleWrapper, io.cucumber.testng.FeatureWrapper)[pri:0, instance:com.ani.login.LoginTestngRunnerTest@44a7bfbc]" started-at="2021-03-16T09:51:25 EDT" name="runScenario" description="Runs Cucumber Scenarios" data-provider="scenarios" finished-at="2021-03-16T09:51:25 EDT" duration-ms="14" status="PASS">
          <params>
            <param index="0">
              <value>
                <![CDATA["Try to login with valid and invalid user credentials"]]>
              </value>
            </param>
            <param index="1">
              <value>
                <![CDATA["Optional[User with valid user credentials should be able to perform successful login and land on profile page]"]]>
              </value>
            </param>
          </params>
          <reporter-output>
          </reporter-output>
        </test-method> <!-- runScenario -->
        <test-method is-config="true" signature="tearDownClass()[pri:0, instance:com.ani.login.LoginTestngRunnerTest@44a7bfbc]" started-at="2021-03-16T09:51:25 EDT" name="tearDownClass" finished-at="2021-03-16T09:51:25 EDT" duration-ms="201" status="PASS">
          <reporter-output>
          </reporter-output>
        </test-method> <!-- tearDownClass -->
      </class> <!-- com.ani.login.LoginTestngRunnerTest -->
    </test> <!-- LoginRunner -->
  </suite> <!-- BDD Test -->
</testng-results>
